2023-03-09 16:33:56 [31merror[39m: [31munhandledRejection: Cannot read properties of undefined (reading 'sendMail')[39m
[31mTypeError: Cannot read properties of undefined (reading 'sendMail')[39m
[31m    at MailService.<anonymous> (C:\Users\KUYE_HARRY\Desktop\COOK\EventBookingApi\source\service\mailing.ts:53:14)[39m
[31m    at Generator.next (<anonymous>)[39m
[31m    at C:\Users\KUYE_HARRY\Desktop\COOK\EventBookingApi\source\service\mailing.ts:8:71[39m
[31m    at new Promise (<anonymous>)[39m
[31m    at __awaiter (C:\Users\KUYE_HARRY\Desktop\COOK\EventBookingApi\source\service\mailing.ts:4:12)[39m
[31m    at MailService.sendMail (C:\Users\KUYE_HARRY\Desktop\COOK\EventBookingApi\source\service\mailing.ts:57:16)[39m
[31m    at C:\Users\KUYE_HARRY\Desktop\COOK\EventBookingApi\source\app.ts:16:23[39m
[31m    at Generator.next (<anonymous>)[39m
[31m    at C:\Users\KUYE_HARRY\Desktop\COOK\EventBookingApi\source\app.ts:8:71[39m
[31m    at new Promise (<anonymous>)[39m
2023-03-09 16:33:56 [31merror[39m: [31munhandledRejection: Cannot read properties of undefined (reading 'sendMail')[39m
[31mTypeError: Cannot read properties of undefined (reading 'sendMail')[39m
[31m    at MailService.<anonymous> (C:\Users\KUYE_HARRY\Desktop\COOK\EventBookingApi\source\service\mailing.ts:53:14)[39m
[31m    at Generator.next (<anonymous>)[39m
[31m    at C:\Users\KUYE_HARRY\Desktop\COOK\EventBookingApi\source\service\mailing.ts:8:71[39m
[31m    at new Promise (<anonymous>)[39m
[31m    at __awaiter (C:\Users\KUYE_HARRY\Desktop\COOK\EventBookingApi\source\service\mailing.ts:4:12)[39m
[31m    at MailService.sendMail (C:\Users\KUYE_HARRY\Desktop\COOK\EventBookingApi\source\service\mailing.ts:57:16)[39m
[31m    at C:\Users\KUYE_HARRY\Desktop\COOK\EventBookingApi\source\app.ts:16:23[39m
[31m    at Generator.next (<anonymous>)[39m
[31m    at C:\Users\KUYE_HARRY\Desktop\COOK\EventBookingApi\source\app.ts:8:71[39m
[31m    at new Promise (<anonymous>)[39m
2023-03-12 04:09:49 [31merror[39m: [31munhandledRejection: Cannot read properties of undefined (reading 'sendMail')[39m
[31mTypeError: Cannot read properties of undefined (reading 'sendMail')[39m
[31m    at Function.<anonymous> (C:\Users\KUYE_HARRY\Desktop\COOK\EventBookingApi\source\service\mailing.ts:40:14)[39m
[31m    at Generator.next (<anonymous>)[39m
[31m    at C:\Users\KUYE_HARRY\Desktop\COOK\EventBookingApi\source\service\mailing.ts:8:71[39m
[31m    at new Promise (<anonymous>)[39m
[31m    at __awaiter (C:\Users\KUYE_HARRY\Desktop\COOK\EventBookingApi\source\service\mailing.ts:4:12)[39m
[31m    at Function.sendMail (C:\Users\KUYE_HARRY\Desktop\COOK\EventBookingApi\source\service\mailing.ts:44:16)[39m
[31m    at C:\Users\KUYE_HARRY\Desktop\COOK\EventBookingApi\source\app.ts:18:17[39m
[31m    at Layer.handle [as handle_request] (C:\Users\KUYE_HARRY\Desktop\COOK\EventBookingApi\node_modules\express\lib\router\layer.js:95:5)[39m
[31m    at trim_prefix (C:\Users\KUYE_HARRY\Desktop\COOK\EventBookingApi\node_modules\express\lib\router\index.js:328:13)[39m
[31m    at C:\Users\KUYE_HARRY\Desktop\COOK\EventBookingApi\node_modules\express\lib\router\index.js:286:9[39m
2023-03-12 04:09:49 [31merror[39m: [31munhandledRejection: Cannot read properties of undefined (reading 'sendMail')[39m
[31mTypeError: Cannot read properties of undefined (reading 'sendMail')[39m
[31m    at Function.<anonymous> (C:\Users\KUYE_HARRY\Desktop\COOK\EventBookingApi\source\service\mailing.ts:40:14)[39m
[31m    at Generator.next (<anonymous>)[39m
[31m    at C:\Users\KUYE_HARRY\Desktop\COOK\EventBookingApi\source\service\mailing.ts:8:71[39m
[31m    at new Promise (<anonymous>)[39m
[31m    at __awaiter (C:\Users\KUYE_HARRY\Desktop\COOK\EventBookingApi\source\service\mailing.ts:4:12)[39m
[31m    at Function.sendMail (C:\Users\KUYE_HARRY\Desktop\COOK\EventBookingApi\source\service\mailing.ts:44:16)[39m
[31m    at C:\Users\KUYE_HARRY\Desktop\COOK\EventBookingApi\source\app.ts:18:17[39m
[31m    at Layer.handle [as handle_request] (C:\Users\KUYE_HARRY\Desktop\COOK\EventBookingApi\node_modules\express\lib\router\layer.js:95:5)[39m
[31m    at trim_prefix (C:\Users\KUYE_HARRY\Desktop\COOK\EventBookingApi\node_modules\express\lib\router\index.js:328:13)[39m
[31m    at C:\Users\KUYE_HARRY\Desktop\COOK\EventBookingApi\node_modules\express\lib\router\index.js:286:9[39m
2023-03-12 04:11:45 [31merror[39m: [31munhandledRejection: Cannot read properties of undefined (reading 'sendMail')[39m
[31mTypeError: Cannot read properties of undefined (reading 'sendMail')[39m
[31m    at Function.<anonymous> (C:\Users\KUYE_HARRY\Desktop\COOK\EventBookingApi\source\service\mailing.ts:40:14)[39m
[31m    at Generator.next (<anonymous>)[39m
[31m    at C:\Users\KUYE_HARRY\Desktop\COOK\EventBookingApi\source\service\mailing.ts:8:71[39m
[31m    at new Promise (<anonymous>)[39m
[31m    at __awaiter (C:\Users\KUYE_HARRY\Desktop\COOK\EventBookingApi\source\service\mailing.ts:4:12)[39m
[31m    at Function.sendMail (C:\Users\KUYE_HARRY\Desktop\COOK\EventBookingApi\source\service\mailing.ts:44:16)[39m
[31m    at C:\Users\KUYE_HARRY\Desktop\COOK\EventBookingApi\source\app.ts:18:39[39m
[31m    at Generator.next (<anonymous>)[39m
[31m    at C:\Users\KUYE_HARRY\Desktop\COOK\EventBookingApi\source\app.ts:8:71[39m
[31m    at new Promise (<anonymous>)[39m
2023-03-12 04:11:45 [31merror[39m: [31munhandledRejection: Cannot read properties of undefined (reading 'sendMail')[39m
[31mTypeError: Cannot read properties of undefined (reading 'sendMail')[39m
[31m    at Function.<anonymous> (C:\Users\KUYE_HARRY\Desktop\COOK\EventBookingApi\source\service\mailing.ts:40:14)[39m
[31m    at Generator.next (<anonymous>)[39m
[31m    at C:\Users\KUYE_HARRY\Desktop\COOK\EventBookingApi\source\service\mailing.ts:8:71[39m
[31m    at new Promise (<anonymous>)[39m
[31m    at __awaiter (C:\Users\KUYE_HARRY\Desktop\COOK\EventBookingApi\source\service\mailing.ts:4:12)[39m
[31m    at Function.sendMail (C:\Users\KUYE_HARRY\Desktop\COOK\EventBookingApi\source\service\mailing.ts:44:16)[39m
[31m    at C:\Users\KUYE_HARRY\Desktop\COOK\EventBookingApi\source\app.ts:18:39[39m
[31m    at Generator.next (<anonymous>)[39m
[31m    at C:\Users\KUYE_HARRY\Desktop\COOK\EventBookingApi\source\app.ts:8:71[39m
[31m    at new Promise (<anonymous>)[39m
2023-03-12 04:22:23 [31merror[39m: [31munhandledRejection: Cannot read properties of undefined (reading 'sendMail')[39m
[31mTypeError: Cannot read properties of undefined (reading 'sendMail')[39m
[31m    at MailService.<anonymous> (C:\Users\KUYE_HARRY\Desktop\COOK\EventBookingApi\source\service\mailing.ts:48:14)[39m
[31m    at Generator.next (<anonymous>)[39m
[31m    at C:\Users\KUYE_HARRY\Desktop\COOK\EventBookingApi\source\service\mailing.ts:8:71[39m
[31m    at new Promise (<anonymous>)[39m
[31m    at __awaiter (C:\Users\KUYE_HARRY\Desktop\COOK\EventBookingApi\source\service\mailing.ts:4:12)[39m
[31m    at MailService.sendMail (C:\Users\KUYE_HARRY\Desktop\COOK\EventBookingApi\source\service\mailing.ts:52:16)[39m
[31m    at C:\Users\KUYE_HARRY\Desktop\COOK\EventBookingApi\source\app.ts:19:32[39m
[31m    at Generator.next (<anonymous>)[39m
[31m    at C:\Users\KUYE_HARRY\Desktop\COOK\EventBookingApi\source\app.ts:8:71[39m
[31m    at new Promise (<anonymous>)[39m
2023-03-12 04:22:23 [31merror[39m: [31munhandledRejection: Cannot read properties of undefined (reading 'sendMail')[39m
[31mTypeError: Cannot read properties of undefined (reading 'sendMail')[39m
[31m    at MailService.<anonymous> (C:\Users\KUYE_HARRY\Desktop\COOK\EventBookingApi\source\service\mailing.ts:48:14)[39m
[31m    at Generator.next (<anonymous>)[39m
[31m    at C:\Users\KUYE_HARRY\Desktop\COOK\EventBookingApi\source\service\mailing.ts:8:71[39m
[31m    at new Promise (<anonymous>)[39m
[31m    at __awaiter (C:\Users\KUYE_HARRY\Desktop\COOK\EventBookingApi\source\service\mailing.ts:4:12)[39m
[31m    at MailService.sendMail (C:\Users\KUYE_HARRY\Desktop\COOK\EventBookingApi\source\service\mailing.ts:52:16)[39m
[31m    at C:\Users\KUYE_HARRY\Desktop\COOK\EventBookingApi\source\app.ts:19:32[39m
[31m    at Generator.next (<anonymous>)[39m
[31m    at C:\Users\KUYE_HARRY\Desktop\COOK\EventBookingApi\source\app.ts:8:71[39m
[31m    at new Promise (<anonymous>)[39m
2023-03-12 04:24:29 [31merror[39m: [31munhandledRejection: Unable to send email. Your SMTP account is not yet activated. Please contact us at contact@sendinblue.com to request activation (code: permission_denied, statusCode: 403)[39m
[31mError: Unable to send email. Your SMTP account is not yet activated. Please contact us at contact@sendinblue.com to request activation (code: permission_denied, statusCode: 403)[39m
[31m    at IncomingMessage.<anonymous> (C:\Users\KUYE_HARRY\Desktop\COOK\EventBookingApi\node_modules\nodemailer-sendinblue-transport\lib\transport.js:193:33)[39m
[31m    at IncomingMessage.emit (node:events:525:35)[39m
[31m    at IncomingMessage.emit (node:domain:489:12)[39m
[31m    at endReadableNT (node:internal/streams/readable:1359:12)[39m
[31m    at processTicksAndRejections (node:internal/process/task_queues:82:21)[39m
2023-03-12 04:24:29 [31merror[39m: [31munhandledRejection: Unable to send email. Your SMTP account is not yet activated. Please contact us at contact@sendinblue.com to request activation (code: permission_denied, statusCode: 403)[39m
[31mError: Unable to send email. Your SMTP account is not yet activated. Please contact us at contact@sendinblue.com to request activation (code: permission_denied, statusCode: 403)[39m
[31m    at IncomingMessage.<anonymous> (C:\Users\KUYE_HARRY\Desktop\COOK\EventBookingApi\node_modules\nodemailer-sendinblue-transport\lib\transport.js:193:33)[39m
[31m    at IncomingMessage.emit (node:events:525:35)[39m
[31m    at IncomingMessage.emit (node:domain:489:12)[39m
[31m    at endReadableNT (node:internal/streams/readable:1359:12)[39m
[31m    at processTicksAndRejections (node:internal/process/task_queues:82:21)[39m
2023-03-12 04:25:33 [31merror[39m: [31munhandledRejection: Unable to send email. Your SMTP account is not yet activated. Please contact us at contact@sendinblue.com to request activation (code: permission_denied, statusCode: 403)[39m
[31mError: Unable to send email. Your SMTP account is not yet activated. Please contact us at contact@sendinblue.com to request activation (code: permission_denied, statusCode: 403)[39m
[31m    at IncomingMessage.<anonymous> (C:\Users\KUYE_HARRY\Desktop\COOK\EventBookingApi\node_modules\nodemailer-sendinblue-transport\lib\transport.js:193:33)[39m
[31m    at IncomingMessage.emit (node:events:525:35)[39m
[31m    at IncomingMessage.emit (node:domain:489:12)[39m
[31m    at endReadableNT (node:internal/streams/readable:1359:12)[39m
[31m    at processTicksAndRejections (node:internal/process/task_queues:82:21)[39m
2023-03-12 04:25:33 [31merror[39m: [31munhandledRejection: Unable to send email. Your SMTP account is not yet activated. Please contact us at contact@sendinblue.com to request activation (code: permission_denied, statusCode: 403)[39m
[31mError: Unable to send email. Your SMTP account is not yet activated. Please contact us at contact@sendinblue.com to request activation (code: permission_denied, statusCode: 403)[39m
[31m    at IncomingMessage.<anonymous> (C:\Users\KUYE_HARRY\Desktop\COOK\EventBookingApi\node_modules\nodemailer-sendinblue-transport\lib\transport.js:193:33)[39m
[31m    at IncomingMessage.emit (node:events:525:35)[39m
[31m    at IncomingMessage.emit (node:domain:489:12)[39m
[31m    at endReadableNT (node:internal/streams/readable:1359:12)[39m
[31m    at processTicksAndRejections (node:internal/process/task_queues:82:21)[39m
2023-03-12 04:27:17 [31merror[39m: [31munhandledRejection: Unable to send email. Your SMTP account is not yet activated. Please contact us at contact@sendinblue.com to request activation (code: permission_denied, statusCode: 403)[39m
[31mError: Unable to send email. Your SMTP account is not yet activated. Please contact us at contact@sendinblue.com to request activation (code: permission_denied, statusCode: 403)[39m
[31m    at IncomingMessage.<anonymous> (C:\Users\KUYE_HARRY\Desktop\COOK\EventBookingApi\node_modules\nodemailer-sendinblue-transport\lib\transport.js:193:33)[39m
[31m    at IncomingMessage.emit (node:events:525:35)[39m
[31m    at IncomingMessage.emit (node:domain:489:12)[39m
[31m    at endReadableNT (node:internal/streams/readable:1359:12)[39m
[31m    at processTicksAndRejections (node:internal/process/task_queues:82:21)[39m
2023-03-12 04:27:17 [31merror[39m: [31munhandledRejection: Unable to send email. Your SMTP account is not yet activated. Please contact us at contact@sendinblue.com to request activation (code: permission_denied, statusCode: 403)[39m
[31mError: Unable to send email. Your SMTP account is not yet activated. Please contact us at contact@sendinblue.com to request activation (code: permission_denied, statusCode: 403)[39m
[31m    at IncomingMessage.<anonymous> (C:\Users\KUYE_HARRY\Desktop\COOK\EventBookingApi\node_modules\nodemailer-sendinblue-transport\lib\transport.js:193:33)[39m
[31m    at IncomingMessage.emit (node:events:525:35)[39m
[31m    at IncomingMessage.emit (node:domain:489:12)[39m
[31m    at endReadableNT (node:internal/streams/readable:1359:12)[39m
[31m    at processTicksAndRejections (node:internal/process/task_queues:82:21)[39m
2023-03-12 04:29:21 [31merror[39m: [31munhandledRejection: Unable to send email. Your SMTP account is not yet activated. Please contact us at contact@sendinblue.com to request activation (code: permission_denied, statusCode: 403)[39m
[31mError: Unable to send email. Your SMTP account is not yet activated. Please contact us at contact@sendinblue.com to request activation (code: permission_denied, statusCode: 403)[39m
[31m    at IncomingMessage.<anonymous> (C:\Users\KUYE_HARRY\Desktop\COOK\EventBookingApi\node_modules\nodemailer-sendinblue-transport\lib\transport.js:193:33)[39m
[31m    at IncomingMessage.emit (node:events:525:35)[39m
[31m    at IncomingMessage.emit (node:domain:489:12)[39m
[31m    at endReadableNT (node:internal/streams/readable:1359:12)[39m
[31m    at processTicksAndRejections (node:internal/process/task_queues:82:21)[39m
2023-03-12 04:29:21 [31merror[39m: [31munhandledRejection: Unable to send email. Your SMTP account is not yet activated. Please contact us at contact@sendinblue.com to request activation (code: permission_denied, statusCode: 403)[39m
[31mError: Unable to send email. Your SMTP account is not yet activated. Please contact us at contact@sendinblue.com to request activation (code: permission_denied, statusCode: 403)[39m
[31m    at IncomingMessage.<anonymous> (C:\Users\KUYE_HARRY\Desktop\COOK\EventBookingApi\node_modules\nodemailer-sendinblue-transport\lib\transport.js:193:33)[39m
[31m    at IncomingMessage.emit (node:events:525:35)[39m
[31m    at IncomingMessage.emit (node:domain:489:12)[39m
[31m    at endReadableNT (node:internal/streams/readable:1359:12)[39m
[31m    at processTicksAndRejections (node:internal/process/task_queues:82:21)[39m
2023-03-16 01:34:06 [31merror[39m: [31munhandledRejection: ENOENT: no such file or directory, unlink[39m
[31mError: ENOENT: no such file or directory, unlink[39m
[31m    at unlinkSync (node:fs:1780:3)[39m
[31m    at Cloudinary.<anonymous> (C:\Users\KUYE_HARRY\Desktop\COOK\EventBookingApi\source\service\cloudinary.ts:31:23)[39m
[31m    at Generator.next (<anonymous>)[39m
[31m    at C:\Users\KUYE_HARRY\Desktop\COOK\EventBookingApi\source\service\cloudinary.ts:8:71[39m
[31m    at new Promise (<anonymous>)[39m
[31m    at __awaiter (C:\Users\KUYE_HARRY\Desktop\COOK\EventBookingApi\source\service\cloudinary.ts:4:12)[39m
[31m    at Cloudinary.uploadImage (C:\Users\KUYE_HARRY\Desktop\COOK\EventBookingApi\source\service\cloudinary.ts:24:16)[39m
[31m    at C:\Users\KUYE_HARRY\Desktop\COOK\EventBookingApi\source\controllers\Events.ts:93:55[39m
[31m    at Generator.next (<anonymous>)[39m
[31m    at C:\Users\KUYE_HARRY\Desktop\COOK\EventBookingApi\source\controllers\Events.ts:8:71[39m
2023-03-16 01:34:06 [31merror[39m: [31munhandledRejection: ENOENT: no such file or directory, unlink[39m
[31mError: ENOENT: no such file or directory, unlink[39m
[31m    at unlinkSync (node:fs:1780:3)[39m
[31m    at Cloudinary.<anonymous> (C:\Users\KUYE_HARRY\Desktop\COOK\EventBookingApi\source\service\cloudinary.ts:31:23)[39m
[31m    at Generator.next (<anonymous>)[39m
[31m    at C:\Users\KUYE_HARRY\Desktop\COOK\EventBookingApi\source\service\cloudinary.ts:8:71[39m
[31m    at new Promise (<anonymous>)[39m
[31m    at __awaiter (C:\Users\KUYE_HARRY\Desktop\COOK\EventBookingApi\source\service\cloudinary.ts:4:12)[39m
[31m    at Cloudinary.uploadImage (C:\Users\KUYE_HARRY\Desktop\COOK\EventBookingApi\source\service\cloudinary.ts:24:16)[39m
[31m    at C:\Users\KUYE_HARRY\Desktop\COOK\EventBookingApi\source\controllers\Events.ts:93:55[39m
[31m    at Generator.next (<anonymous>)[39m
[31m    at C:\Users\KUYE_HARRY\Desktop\COOK\EventBookingApi\source\controllers\Events.ts:8:71[39m
2023-03-16 01:49:33 [31merror[39m: [31munhandledRejection: Internal Server Error[39m
[31mError: Internal Server Error[39m
[31m    at Cloudinary.<anonymous> (C:\Users\KUYE_HARRY\Desktop\COOK\EventBookingApi\source\service\cloudinary.ts:32:19)[39m
[31m    at Generator.next (<anonymous>)[39m
[31m    at C:\Users\KUYE_HARRY\Desktop\COOK\EventBookingApi\source\service\cloudinary.ts:8:71[39m
[31m    at new Promise (<anonymous>)[39m
[31m    at __awaiter (C:\Users\KUYE_HARRY\Desktop\COOK\EventBookingApi\source\service\cloudinary.ts:4:12)[39m
[31m    at Cloudinary.uploadImage (C:\Users\KUYE_HARRY\Desktop\COOK\EventBookingApi\source\service\cloudinary.ts:24:16)[39m
[31m    at C:\Users\KUYE_HARRY\Desktop\COOK\EventBookingApi\source\controllers\Events.ts:93:55[39m
[31m    at Generator.next (<anonymous>)[39m
[31m    at C:\Users\KUYE_HARRY\Desktop\COOK\EventBookingApi\source\controllers\Events.ts:8:71[39m
[31m    at new Promise (<anonymous>)[39m
2023-03-16 01:49:33 [31merror[39m: [31munhandledRejection: Internal Server Error[39m
[31mError: Internal Server Error[39m
[31m    at Cloudinary.<anonymous> (C:\Users\KUYE_HARRY\Desktop\COOK\EventBookingApi\source\service\cloudinary.ts:32:19)[39m
[31m    at Generator.next (<anonymous>)[39m
[31m    at C:\Users\KUYE_HARRY\Desktop\COOK\EventBookingApi\source\service\cloudinary.ts:8:71[39m
[31m    at new Promise (<anonymous>)[39m
[31m    at __awaiter (C:\Users\KUYE_HARRY\Desktop\COOK\EventBookingApi\source\service\cloudinary.ts:4:12)[39m
[31m    at Cloudinary.uploadImage (C:\Users\KUYE_HARRY\Desktop\COOK\EventBookingApi\source\service\cloudinary.ts:24:16)[39m
[31m    at C:\Users\KUYE_HARRY\Desktop\COOK\EventBookingApi\source\controllers\Events.ts:93:55[39m
[31m    at Generator.next (<anonymous>)[39m
[31m    at C:\Users\KUYE_HARRY\Desktop\COOK\EventBookingApi\source\controllers\Events.ts:8:71[39m
[31m    at new Promise (<anonymous>)[39m
2023-03-16 01:50:23 [31merror[39m: [31munhandledRejection: Internal Server Error[39m
[31mError: Internal Server Error[39m
[31m    at Cloudinary.<anonymous> (C:\Users\KUYE_HARRY\Desktop\COOK\EventBookingApi\source\service\cloudinary.ts:32:19)[39m
[31m    at Generator.next (<anonymous>)[39m
[31m    at C:\Users\KUYE_HARRY\Desktop\COOK\EventBookingApi\source\service\cloudinary.ts:8:71[39m
[31m    at new Promise (<anonymous>)[39m
[31m    at __awaiter (C:\Users\KUYE_HARRY\Desktop\COOK\EventBookingApi\source\service\cloudinary.ts:4:12)[39m
[31m    at Cloudinary.uploadImage (C:\Users\KUYE_HARRY\Desktop\COOK\EventBookingApi\source\service\cloudinary.ts:24:16)[39m
[31m    at C:\Users\KUYE_HARRY\Desktop\COOK\EventBookingApi\source\controllers\Events.ts:93:55[39m
[31m    at Generator.next (<anonymous>)[39m
[31m    at C:\Users\KUYE_HARRY\Desktop\COOK\EventBookingApi\source\controllers\Events.ts:8:71[39m
[31m    at new Promise (<anonymous>)[39m
2023-03-16 01:50:23 [31merror[39m: [31munhandledRejection: Internal Server Error[39m
[31mError: Internal Server Error[39m
[31m    at Cloudinary.<anonymous> (C:\Users\KUYE_HARRY\Desktop\COOK\EventBookingApi\source\service\cloudinary.ts:32:19)[39m
[31m    at Generator.next (<anonymous>)[39m
[31m    at C:\Users\KUYE_HARRY\Desktop\COOK\EventBookingApi\source\service\cloudinary.ts:8:71[39m
[31m    at new Promise (<anonymous>)[39m
[31m    at __awaiter (C:\Users\KUYE_HARRY\Desktop\COOK\EventBookingApi\source\service\cloudinary.ts:4:12)[39m
[31m    at Cloudinary.uploadImage (C:\Users\KUYE_HARRY\Desktop\COOK\EventBookingApi\source\service\cloudinary.ts:24:16)[39m
[31m    at C:\Users\KUYE_HARRY\Desktop\COOK\EventBookingApi\source\controllers\Events.ts:93:55[39m
[31m    at Generator.next (<anonymous>)[39m
[31m    at C:\Users\KUYE_HARRY\Desktop\COOK\EventBookingApi\source\controllers\Events.ts:8:71[39m
[31m    at new Promise (<anonymous>)[39m
2023-03-16 01:56:14 [31merror[39m: [31munhandledRejection: Internal Server Error[39m
[31mError: Internal Server Error[39m
[31m    at Cloudinary.<anonymous> (C:\Users\KUYE_HARRY\Desktop\COOK\EventBookingApi\source\service\cloudinary.ts:32:19)[39m
[31m    at Generator.next (<anonymous>)[39m
[31m    at C:\Users\KUYE_HARRY\Desktop\COOK\EventBookingApi\source\service\cloudinary.ts:8:71[39m
[31m    at new Promise (<anonymous>)[39m
[31m    at __awaiter (C:\Users\KUYE_HARRY\Desktop\COOK\EventBookingApi\source\service\cloudinary.ts:4:12)[39m
[31m    at Cloudinary.uploadImage (C:\Users\KUYE_HARRY\Desktop\COOK\EventBookingApi\source\service\cloudinary.ts:24:16)[39m
[31m    at C:\Users\KUYE_HARRY\Desktop\COOK\EventBookingApi\source\controllers\Events.ts:93:55[39m
[31m    at Generator.next (<anonymous>)[39m
[31m    at C:\Users\KUYE_HARRY\Desktop\COOK\EventBookingApi\source\controllers\Events.ts:8:71[39m
[31m    at new Promise (<anonymous>)[39m
2023-03-16 01:56:14 [31merror[39m: [31munhandledRejection: Internal Server Error[39m
[31mError: Internal Server Error[39m
[31m    at Cloudinary.<anonymous> (C:\Users\KUYE_HARRY\Desktop\COOK\EventBookingApi\source\service\cloudinary.ts:32:19)[39m
[31m    at Generator.next (<anonymous>)[39m
[31m    at C:\Users\KUYE_HARRY\Desktop\COOK\EventBookingApi\source\service\cloudinary.ts:8:71[39m
[31m    at new Promise (<anonymous>)[39m
[31m    at __awaiter (C:\Users\KUYE_HARRY\Desktop\COOK\EventBookingApi\source\service\cloudinary.ts:4:12)[39m
[31m    at Cloudinary.uploadImage (C:\Users\KUYE_HARRY\Desktop\COOK\EventBookingApi\source\service\cloudinary.ts:24:16)[39m
[31m    at C:\Users\KUYE_HARRY\Desktop\COOK\EventBookingApi\source\controllers\Events.ts:93:55[39m
[31m    at Generator.next (<anonymous>)[39m
[31m    at C:\Users\KUYE_HARRY\Desktop\COOK\EventBookingApi\source\controllers\Events.ts:8:71[39m
[31m    at new Promise (<anonymous>)[39m
2023-03-16 01:57:38 [31merror[39m: [31munhandledRejection: Internal Server Error[39m
[31mError: Internal Server Error[39m
[31m    at Cloudinary.<anonymous> (C:\Users\KUYE_HARRY\Desktop\COOK\EventBookingApi\source\service\cloudinary.ts:33:19)[39m
[31m    at Generator.next (<anonymous>)[39m
[31m    at C:\Users\KUYE_HARRY\Desktop\COOK\EventBookingApi\source\service\cloudinary.ts:8:71[39m
[31m    at new Promise (<anonymous>)[39m
[31m    at __awaiter (C:\Users\KUYE_HARRY\Desktop\COOK\EventBookingApi\source\service\cloudinary.ts:4:12)[39m
[31m    at Cloudinary.uploadImage (C:\Users\KUYE_HARRY\Desktop\COOK\EventBookingApi\source\service\cloudinary.ts:24:16)[39m
[31m    at C:\Users\KUYE_HARRY\Desktop\COOK\EventBookingApi\source\controllers\Events.ts:93:55[39m
[31m    at Generator.next (<anonymous>)[39m
[31m    at C:\Users\KUYE_HARRY\Desktop\COOK\EventBookingApi\source\controllers\Events.ts:8:71[39m
[31m    at new Promise (<anonymous>)[39m
2023-03-16 01:57:38 [31merror[39m: [31munhandledRejection: Internal Server Error[39m
[31mError: Internal Server Error[39m
[31m    at Cloudinary.<anonymous> (C:\Users\KUYE_HARRY\Desktop\COOK\EventBookingApi\source\service\cloudinary.ts:33:19)[39m
[31m    at Generator.next (<anonymous>)[39m
[31m    at C:\Users\KUYE_HARRY\Desktop\COOK\EventBookingApi\source\service\cloudinary.ts:8:71[39m
[31m    at new Promise (<anonymous>)[39m
[31m    at __awaiter (C:\Users\KUYE_HARRY\Desktop\COOK\EventBookingApi\source\service\cloudinary.ts:4:12)[39m
[31m    at Cloudinary.uploadImage (C:\Users\KUYE_HARRY\Desktop\COOK\EventBookingApi\source\service\cloudinary.ts:24:16)[39m
[31m    at C:\Users\KUYE_HARRY\Desktop\COOK\EventBookingApi\source\controllers\Events.ts:93:55[39m
[31m    at Generator.next (<anonymous>)[39m
[31m    at C:\Users\KUYE_HARRY\Desktop\COOK\EventBookingApi\source\controllers\Events.ts:8:71[39m
[31m    at new Promise (<anonymous>)[39m
2023-03-16 12:24:47 [31merror[39m: [31munhandledRejection: Internal Server Error[39m
[31mError: Internal Server Error[39m
[31m    at Cloudinary.<anonymous> (C:\Users\KUYE_HARRY\Desktop\COOK\EventBookingApi\source\service\cloudinary.ts:33:19)[39m
[31m    at Generator.next (<anonymous>)[39m
[31m    at C:\Users\KUYE_HARRY\Desktop\COOK\EventBookingApi\source\service\cloudinary.ts:8:71[39m
[31m    at new Promise (<anonymous>)[39m
[31m    at __awaiter (C:\Users\KUYE_HARRY\Desktop\COOK\EventBookingApi\source\service\cloudinary.ts:4:12)[39m
[31m    at Cloudinary.uploadImage (C:\Users\KUYE_HARRY\Desktop\COOK\EventBookingApi\source\service\cloudinary.ts:24:16)[39m
[31m    at C:\Users\KUYE_HARRY\Desktop\COOK\EventBookingApi\source\controllers\Events.ts:93:55[39m
[31m    at Generator.next (<anonymous>)[39m
[31m    at C:\Users\KUYE_HARRY\Desktop\COOK\EventBookingApi\source\controllers\Events.ts:8:71[39m
[31m    at new Promise (<anonymous>)[39m
2023-03-16 12:24:47 [31merror[39m: [31munhandledRejection: Internal Server Error[39m
[31mError: Internal Server Error[39m
[31m    at Cloudinary.<anonymous> (C:\Users\KUYE_HARRY\Desktop\COOK\EventBookingApi\source\service\cloudinary.ts:33:19)[39m
[31m    at Generator.next (<anonymous>)[39m
[31m    at C:\Users\KUYE_HARRY\Desktop\COOK\EventBookingApi\source\service\cloudinary.ts:8:71[39m
[31m    at new Promise (<anonymous>)[39m
[31m    at __awaiter (C:\Users\KUYE_HARRY\Desktop\COOK\EventBookingApi\source\service\cloudinary.ts:4:12)[39m
[31m    at Cloudinary.uploadImage (C:\Users\KUYE_HARRY\Desktop\COOK\EventBookingApi\source\service\cloudinary.ts:24:16)[39m
[31m    at C:\Users\KUYE_HARRY\Desktop\COOK\EventBookingApi\source\controllers\Events.ts:93:55[39m
[31m    at Generator.next (<anonymous>)[39m
[31m    at C:\Users\KUYE_HARRY\Desktop\COOK\EventBookingApi\source\controllers\Events.ts:8:71[39m
[31m    at new Promise (<anonymous>)[39m
2023-03-16 13:09:47 [31merror[39m: [31munhandledRejection: Internal Server Error[39m
[31mError: Internal Server Error[39m
[31m    at Cloudinary.<anonymous> (C:\Users\KUYE_HARRY\Desktop\COOK\EventBookingApi\source\service\cloudinary.ts:33:19)[39m
[31m    at Generator.next (<anonymous>)[39m
[31m    at C:\Users\KUYE_HARRY\Desktop\COOK\EventBookingApi\source\service\cloudinary.ts:8:71[39m
[31m    at new Promise (<anonymous>)[39m
[31m    at __awaiter (C:\Users\KUYE_HARRY\Desktop\COOK\EventBookingApi\source\service\cloudinary.ts:4:12)[39m
[31m    at Cloudinary.uploadImage (C:\Users\KUYE_HARRY\Desktop\COOK\EventBookingApi\source\service\cloudinary.ts:24:16)[39m
[31m    at C:\Users\KUYE_HARRY\Desktop\COOK\EventBookingApi\source\controllers\Events.ts:93:55[39m
[31m    at Generator.next (<anonymous>)[39m
[31m    at C:\Users\KUYE_HARRY\Desktop\COOK\EventBookingApi\source\controllers\Events.ts:8:71[39m
[31m    at new Promise (<anonymous>)[39m
2023-03-16 13:09:47 [31merror[39m: [31munhandledRejection: Internal Server Error[39m
[31mError: Internal Server Error[39m
[31m    at Cloudinary.<anonymous> (C:\Users\KUYE_HARRY\Desktop\COOK\EventBookingApi\source\service\cloudinary.ts:33:19)[39m
[31m    at Generator.next (<anonymous>)[39m
[31m    at C:\Users\KUYE_HARRY\Desktop\COOK\EventBookingApi\source\service\cloudinary.ts:8:71[39m
[31m    at new Promise (<anonymous>)[39m
[31m    at __awaiter (C:\Users\KUYE_HARRY\Desktop\COOK\EventBookingApi\source\service\cloudinary.ts:4:12)[39m
[31m    at Cloudinary.uploadImage (C:\Users\KUYE_HARRY\Desktop\COOK\EventBookingApi\source\service\cloudinary.ts:24:16)[39m
[31m    at C:\Users\KUYE_HARRY\Desktop\COOK\EventBookingApi\source\controllers\Events.ts:93:55[39m
[31m    at Generator.next (<anonymous>)[39m
[31m    at C:\Users\KUYE_HARRY\Desktop\COOK\EventBookingApi\source\controllers\Events.ts:8:71[39m
[31m    at new Promise (<anonymous>)[39m
2023-03-16 13:16:54 [31merror[39m: [31munhandledRejection: Internal Server Error[39m
[31mError: Internal Server Error[39m
[31m    at Cloudinary.<anonymous> (C:\Users\KUYE_HARRY\Desktop\COOK\EventBookingApi\source\service\cloudinary.ts:33:19)[39m
[31m    at Generator.next (<anonymous>)[39m
[31m    at C:\Users\KUYE_HARRY\Desktop\COOK\EventBookingApi\source\service\cloudinary.ts:8:71[39m
[31m    at new Promise (<anonymous>)[39m
[31m    at __awaiter (C:\Users\KUYE_HARRY\Desktop\COOK\EventBookingApi\source\service\cloudinary.ts:4:12)[39m
[31m    at Cloudinary.uploadImage (C:\Users\KUYE_HARRY\Desktop\COOK\EventBookingApi\source\service\cloudinary.ts:16:79)[39m
[31m    at C:\Users\KUYE_HARRY\Desktop\COOK\EventBookingApi\source\controllers\Events.ts:95:55[39m
[31m    at Generator.next (<anonymous>)[39m
[31m    at C:\Users\KUYE_HARRY\Desktop\COOK\EventBookingApi\source\controllers\Events.ts:8:71[39m
[31m    at new Promise (<anonymous>)[39m
2023-03-16 13:16:54 [31merror[39m: [31munhandledRejection: Internal Server Error[39m
[31mError: Internal Server Error[39m
[31m    at Cloudinary.<anonymous> (C:\Users\KUYE_HARRY\Desktop\COOK\EventBookingApi\source\service\cloudinary.ts:33:19)[39m
[31m    at Generator.next (<anonymous>)[39m
[31m    at C:\Users\KUYE_HARRY\Desktop\COOK\EventBookingApi\source\service\cloudinary.ts:8:71[39m
[31m    at new Promise (<anonymous>)[39m
[31m    at __awaiter (C:\Users\KUYE_HARRY\Desktop\COOK\EventBookingApi\source\service\cloudinary.ts:4:12)[39m
[31m    at Cloudinary.uploadImage (C:\Users\KUYE_HARRY\Desktop\COOK\EventBookingApi\source\service\cloudinary.ts:16:79)[39m
[31m    at C:\Users\KUYE_HARRY\Desktop\COOK\EventBookingApi\source\controllers\Events.ts:95:55[39m
[31m    at Generator.next (<anonymous>)[39m
[31m    at C:\Users\KUYE_HARRY\Desktop\COOK\EventBookingApi\source\controllers\Events.ts:8:71[39m
[31m    at new Promise (<anonymous>)[39m
2023-03-16 13:17:45 [31merror[39m: [31munhandledRejection: Internal Server Error[39m
[31mError: Internal Server Error[39m
[31m    at Cloudinary.<anonymous> (C:\Users\KUYE_HARRY\Desktop\COOK\EventBookingApi\source\service\cloudinary.ts:33:19)[39m
[31m    at Generator.next (<anonymous>)[39m
[31m    at C:\Users\KUYE_HARRY\Desktop\COOK\EventBookingApi\source\service\cloudinary.ts:8:71[39m
[31m    at new Promise (<anonymous>)[39m
[31m    at __awaiter (C:\Users\KUYE_HARRY\Desktop\COOK\EventBookingApi\source\service\cloudinary.ts:4:12)[39m
[31m    at Cloudinary.uploadImage (C:\Users\KUYE_HARRY\Desktop\COOK\EventBookingApi\source\service\cloudinary.ts:16:79)[39m
[31m    at C:\Users\KUYE_HARRY\Desktop\COOK\EventBookingApi\source\controllers\Events.ts:95:55[39m
[31m    at Generator.next (<anonymous>)[39m
[31m    at C:\Users\KUYE_HARRY\Desktop\COOK\EventBookingApi\source\controllers\Events.ts:8:71[39m
[31m    at new Promise (<anonymous>)[39m
2023-03-16 13:17:45 [31merror[39m: [31munhandledRejection: Internal Server Error[39m
[31mError: Internal Server Error[39m
[31m    at Cloudinary.<anonymous> (C:\Users\KUYE_HARRY\Desktop\COOK\EventBookingApi\source\service\cloudinary.ts:33:19)[39m
[31m    at Generator.next (<anonymous>)[39m
[31m    at C:\Users\KUYE_HARRY\Desktop\COOK\EventBookingApi\source\service\cloudinary.ts:8:71[39m
[31m    at new Promise (<anonymous>)[39m
[31m    at __awaiter (C:\Users\KUYE_HARRY\Desktop\COOK\EventBookingApi\source\service\cloudinary.ts:4:12)[39m
[31m    at Cloudinary.uploadImage (C:\Users\KUYE_HARRY\Desktop\COOK\EventBookingApi\source\service\cloudinary.ts:16:79)[39m
[31m    at C:\Users\KUYE_HARRY\Desktop\COOK\EventBookingApi\source\controllers\Events.ts:95:55[39m
[31m    at Generator.next (<anonymous>)[39m
[31m    at C:\Users\KUYE_HARRY\Desktop\COOK\EventBookingApi\source\controllers\Events.ts:8:71[39m
[31m    at new Promise (<anonymous>)[39m
2023-03-16 13:20:01 [31merror[39m: [31munhandledRejection: Internal Server Error[39m
[31mError: Internal Server Error[39m
[31m    at Cloudinary.<anonymous> (C:\Users\KUYE_HARRY\Desktop\COOK\EventBookingApi\source\service\cloudinary.ts:33:19)[39m
[31m    at Generator.next (<anonymous>)[39m
[31m    at C:\Users\KUYE_HARRY\Desktop\COOK\EventBookingApi\source\service\cloudinary.ts:8:71[39m
[31m    at new Promise (<anonymous>)[39m
[31m    at __awaiter (C:\Users\KUYE_HARRY\Desktop\COOK\EventBookingApi\source\service\cloudinary.ts:4:12)[39m
[31m    at Cloudinary.uploadImage (C:\Users\KUYE_HARRY\Desktop\COOK\EventBookingApi\source\service\cloudinary.ts:16:79)[39m
[31m    at C:\Users\KUYE_HARRY\Desktop\COOK\EventBookingApi\source\controllers\Events.ts:95:55[39m
[31m    at Generator.next (<anonymous>)[39m
[31m    at C:\Users\KUYE_HARRY\Desktop\COOK\EventBookingApi\source\controllers\Events.ts:8:71[39m
[31m    at new Promise (<anonymous>)[39m
2023-03-16 13:20:01 [31merror[39m: [31munhandledRejection: Internal Server Error[39m
[31mError: Internal Server Error[39m
[31m    at Cloudinary.<anonymous> (C:\Users\KUYE_HARRY\Desktop\COOK\EventBookingApi\source\service\cloudinary.ts:33:19)[39m
[31m    at Generator.next (<anonymous>)[39m
[31m    at C:\Users\KUYE_HARRY\Desktop\COOK\EventBookingApi\source\service\cloudinary.ts:8:71[39m
[31m    at new Promise (<anonymous>)[39m
[31m    at __awaiter (C:\Users\KUYE_HARRY\Desktop\COOK\EventBookingApi\source\service\cloudinary.ts:4:12)[39m
[31m    at Cloudinary.uploadImage (C:\Users\KUYE_HARRY\Desktop\COOK\EventBookingApi\source\service\cloudinary.ts:16:79)[39m
[31m    at C:\Users\KUYE_HARRY\Desktop\COOK\EventBookingApi\source\controllers\Events.ts:95:55[39m
[31m    at Generator.next (<anonymous>)[39m
[31m    at C:\Users\KUYE_HARRY\Desktop\COOK\EventBookingApi\source\controllers\Events.ts:8:71[39m
[31m    at new Promise (<anonymous>)[39m
2023-03-16 13:23:28 [31merror[39m: [31munhandledRejection: Cannot destructure property 'imageUrl' of '(intermediate value)' as it is undefined.[39m
[31mTypeError: Cannot destructure property 'imageUrl' of '(intermediate value)' as it is undefined.[39m
[31m    at C:\Users\KUYE_HARRY\Desktop\COOK\EventBookingApi\source\controllers\Events.ts:95:17[39m
[31m    at Generator.next (<anonymous>)[39m
[31m    at fulfilled (C:\Users\KUYE_HARRY\Desktop\COOK\EventBookingApi\source\controllers\Events.ts:5:58)[39m
[31m    at processTicksAndRejections (node:internal/process/task_queues:95:5)[39m
2023-03-16 13:23:28 [31merror[39m: [31munhandledRejection: Cannot destructure property 'imageUrl' of '(intermediate value)' as it is undefined.[39m
[31mTypeError: Cannot destructure property 'imageUrl' of '(intermediate value)' as it is undefined.[39m
[31m    at C:\Users\KUYE_HARRY\Desktop\COOK\EventBookingApi\source\controllers\Events.ts:95:17[39m
[31m    at Generator.next (<anonymous>)[39m
[31m    at fulfilled (C:\Users\KUYE_HARRY\Desktop\COOK\EventBookingApi\source\controllers\Events.ts:5:58)[39m
[31m    at processTicksAndRejections (node:internal/process/task_queues:95:5)[39m
2023-03-16 13:26:56 [31merror[39m: [31munhandledRejection: Cannot destructure property 'imageUrl' of '(intermediate value)' as it is undefined.[39m
[31mTypeError: Cannot destructure property 'imageUrl' of '(intermediate value)' as it is undefined.[39m
[31m    at C:\Users\KUYE_HARRY\Desktop\COOK\EventBookingApi\source\controllers\Events.ts:95:17[39m
[31m    at Generator.next (<anonymous>)[39m
[31m    at fulfilled (C:\Users\KUYE_HARRY\Desktop\COOK\EventBookingApi\source\controllers\Events.ts:5:58)[39m
[31m    at processTicksAndRejections (node:internal/process/task_queues:95:5)[39m
2023-03-16 13:26:56 [31merror[39m: [31munhandledRejection: Cannot destructure property 'imageUrl' of '(intermediate value)' as it is undefined.[39m
[31mTypeError: Cannot destructure property 'imageUrl' of '(intermediate value)' as it is undefined.[39m
[31m    at C:\Users\KUYE_HARRY\Desktop\COOK\EventBookingApi\source\controllers\Events.ts:95:17[39m
[31m    at Generator.next (<anonymous>)[39m
[31m    at fulfilled (C:\Users\KUYE_HARRY\Desktop\COOK\EventBookingApi\source\controllers\Events.ts:5:58)[39m
[31m    at processTicksAndRejections (node:internal/process/task_queues:95:5)[39m
2023-03-16 13:27:44 [31merror[39m: [31munhandledRejection: Cannot destructure property 'imageUrl' of '(intermediate value)' as it is undefined.[39m
[31mTypeError: Cannot destructure property 'imageUrl' of '(intermediate value)' as it is undefined.[39m
[31m    at C:\Users\KUYE_HARRY\Desktop\COOK\EventBookingApi\source\controllers\Events.ts:95:17[39m
[31m    at Generator.next (<anonymous>)[39m
[31m    at fulfilled (C:\Users\KUYE_HARRY\Desktop\COOK\EventBookingApi\source\controllers\Events.ts:5:58)[39m
[31m    at processTicksAndRejections (node:internal/process/task_queues:95:5)[39m
2023-03-16 13:27:44 [31merror[39m: [31munhandledRejection: Cannot destructure property 'imageUrl' of '(intermediate value)' as it is undefined.[39m
[31mTypeError: Cannot destructure property 'imageUrl' of '(intermediate value)' as it is undefined.[39m
[31m    at C:\Users\KUYE_HARRY\Desktop\COOK\EventBookingApi\source\controllers\Events.ts:95:17[39m
[31m    at Generator.next (<anonymous>)[39m
[31m    at fulfilled (C:\Users\KUYE_HARRY\Desktop\COOK\EventBookingApi\source\controllers\Events.ts:5:58)[39m
[31m    at processTicksAndRejections (node:internal/process/task_queues:95:5)[39m
2023-03-16 13:32:40 [31merror[39m: [31munhandledRejection: Cannot destructure property 'imageUrl' of '(intermediate value)' as it is undefined.[39m
[31mTypeError: Cannot destructure property 'imageUrl' of '(intermediate value)' as it is undefined.[39m
[31m    at C:\Users\KUYE_HARRY\Desktop\COOK\EventBookingApi\source\controllers\Events.ts:95:17[39m
[31m    at Generator.next (<anonymous>)[39m
[31m    at fulfilled (C:\Users\KUYE_HARRY\Desktop\COOK\EventBookingApi\source\controllers\Events.ts:5:58)[39m
[31m    at processTicksAndRejections (node:internal/process/task_queues:95:5)[39m
2023-03-16 13:32:40 [31merror[39m: [31munhandledRejection: Cannot destructure property 'imageUrl' of '(intermediate value)' as it is undefined.[39m
[31mTypeError: Cannot destructure property 'imageUrl' of '(intermediate value)' as it is undefined.[39m
[31m    at C:\Users\KUYE_HARRY\Desktop\COOK\EventBookingApi\source\controllers\Events.ts:95:17[39m
[31m    at Generator.next (<anonymous>)[39m
[31m    at fulfilled (C:\Users\KUYE_HARRY\Desktop\COOK\EventBookingApi\source\controllers\Events.ts:5:58)[39m
[31m    at processTicksAndRejections (node:internal/process/task_queues:95:5)[39m
2023-03-16 13:35:21 [31merror[39m: [31munhandledRejection: Cannot destructure property 'imageUrl' of '(intermediate value)' as it is undefined.[39m
[31mTypeError: Cannot destructure property 'imageUrl' of '(intermediate value)' as it is undefined.[39m
[31m    at C:\Users\KUYE_HARRY\Desktop\COOK\EventBookingApi\source\controllers\Events.ts:95:17[39m
[31m    at Generator.next (<anonymous>)[39m
[31m    at fulfilled (C:\Users\KUYE_HARRY\Desktop\COOK\EventBookingApi\source\controllers\Events.ts:5:58)[39m
[31m    at processTicksAndRejections (node:internal/process/task_queues:95:5)[39m
2023-03-16 13:35:21 [31merror[39m: [31munhandledRejection: Cannot destructure property 'imageUrl' of '(intermediate value)' as it is undefined.[39m
[31mTypeError: Cannot destructure property 'imageUrl' of '(intermediate value)' as it is undefined.[39m
[31m    at C:\Users\KUYE_HARRY\Desktop\COOK\EventBookingApi\source\controllers\Events.ts:95:17[39m
[31m    at Generator.next (<anonymous>)[39m
[31m    at fulfilled (C:\Users\KUYE_HARRY\Desktop\COOK\EventBookingApi\source\controllers\Events.ts:5:58)[39m
[31m    at processTicksAndRejections (node:internal/process/task_queues:95:5)[39m
2023-03-16 13:45:44 [31merror[39m: [31munhandledRejection: Cannot destructure property 'imageUrl' of '(intermediate value)' as it is undefined.[39m
[31mTypeError: Cannot destructure property 'imageUrl' of '(intermediate value)' as it is undefined.[39m
[31m    at C:\Users\KUYE_HARRY\Desktop\COOK\EventBookingApi\source\controllers\Events.ts:95:17[39m
[31m    at Generator.next (<anonymous>)[39m
[31m    at fulfilled (C:\Users\KUYE_HARRY\Desktop\COOK\EventBookingApi\source\controllers\Events.ts:5:58)[39m
[31m    at processTicksAndRejections (node:internal/process/task_queues:95:5)[39m
2023-03-16 13:45:44 [31merror[39m: [31munhandledRejection: Cannot destructure property 'imageUrl' of '(intermediate value)' as it is undefined.[39m
[31mTypeError: Cannot destructure property 'imageUrl' of '(intermediate value)' as it is undefined.[39m
[31m    at C:\Users\KUYE_HARRY\Desktop\COOK\EventBookingApi\source\controllers\Events.ts:95:17[39m
[31m    at Generator.next (<anonymous>)[39m
[31m    at fulfilled (C:\Users\KUYE_HARRY\Desktop\COOK\EventBookingApi\source\controllers\Events.ts:5:58)[39m
[31m    at processTicksAndRejections (node:internal/process/task_queues:95:5)[39m
2023-03-16 13:48:43 [31merror[39m: [31munhandledRejection: Cannot destructure property 'imageUrl' of '(intermediate value)' as it is undefined.[39m
[31mTypeError: Cannot destructure property 'imageUrl' of '(intermediate value)' as it is undefined.[39m
[31m    at C:\Users\KUYE_HARRY\Desktop\COOK\EventBookingApi\source\controllers\Events.ts:95:17[39m
[31m    at Generator.next (<anonymous>)[39m
[31m    at fulfilled (C:\Users\KUYE_HARRY\Desktop\COOK\EventBookingApi\source\controllers\Events.ts:5:58)[39m
[31m    at processTicksAndRejections (node:internal/process/task_queues:95:5)[39m
2023-03-16 13:48:43 [31merror[39m: [31munhandledRejection: Cannot destructure property 'imageUrl' of '(intermediate value)' as it is undefined.[39m
[31mTypeError: Cannot destructure property 'imageUrl' of '(intermediate value)' as it is undefined.[39m
[31m    at C:\Users\KUYE_HARRY\Desktop\COOK\EventBookingApi\source\controllers\Events.ts:95:17[39m
[31m    at Generator.next (<anonymous>)[39m
[31m    at fulfilled (C:\Users\KUYE_HARRY\Desktop\COOK\EventBookingApi\source\controllers\Events.ts:5:58)[39m
[31m    at processTicksAndRejections (node:internal/process/task_queues:95:5)[39m
2023-03-16 13:49:23 [31merror[39m: [31munhandledRejection: Cannot destructure property 'imageUrl' of '(intermediate value)' as it is undefined.[39m
[31mTypeError: Cannot destructure property 'imageUrl' of '(intermediate value)' as it is undefined.[39m
[31m    at C:\Users\KUYE_HARRY\Desktop\COOK\EventBookingApi\source\controllers\Events.ts:95:17[39m
[31m    at Generator.next (<anonymous>)[39m
[31m    at fulfilled (C:\Users\KUYE_HARRY\Desktop\COOK\EventBookingApi\source\controllers\Events.ts:5:58)[39m
[31m    at processTicksAndRejections (node:internal/process/task_queues:95:5)[39m
2023-03-16 13:49:23 [31merror[39m: [31munhandledRejection: Cannot destructure property 'imageUrl' of '(intermediate value)' as it is undefined.[39m
[31mTypeError: Cannot destructure property 'imageUrl' of '(intermediate value)' as it is undefined.[39m
[31m    at C:\Users\KUYE_HARRY\Desktop\COOK\EventBookingApi\source\controllers\Events.ts:95:17[39m
[31m    at Generator.next (<anonymous>)[39m
[31m    at fulfilled (C:\Users\KUYE_HARRY\Desktop\COOK\EventBookingApi\source\controllers\Events.ts:5:58)[39m
[31m    at processTicksAndRejections (node:internal/process/task_queues:95:5)[39m
2023-03-16 13:50:31 [31merror[39m: [31muncaughtException: тип Unable to compile TypeScript:[39m
[31m[96msource/service/cloudinary.ts[0m:[93m6[0m:[93m1[0m - [91merror[0m[90m TS2304: [0mCannot find name 'dotenv'.[39m

[31m[7m6[0m dotenv.config({ path: `.env.${process.env.NODE_ENV}` });[39m
[31m[7m [0m [91m~~~~~~[0m[39m

[31mTSError: тип Unable to compile TypeScript:[39m
[31m[96msource/service/cloudinary.ts[0m:[93m6[0m:[93m1[0m - [91merror[0m[90m TS2304: [0mCannot find name 'dotenv'.[39m

[31m[7m6[0m dotenv.config({ path: `.env.${process.env.NODE_ENV}` });[39m
[31m[7m [0m [91m~~~~~~[0m[39m

[31m    at createTSError (C:\Users\KUYE_HARRY\Desktop\COOK\EventBookingApi\node_modules\ts-node\src\index.ts:859:12)[39m
[31m    at reportTSError (C:\Users\KUYE_HARRY\Desktop\COOK\EventBookingApi\node_modules\ts-node\src\index.ts:863:19)[39m
[31m    at getOutput (C:\Users\KUYE_HARRY\Desktop\COOK\EventBookingApi\node_modules\ts-node\src\index.ts:1077:36)[39m
[31m    at Object.compile (C:\Users\KUYE_HARRY\Desktop\COOK\EventBookingApi\node_modules\ts-node\src\index.ts:1433:41)[39m
[31m    at Module.m._compile (C:\Users\KUYE_HARRY\Desktop\COOK\EventBookingApi\node_modules\ts-node\src\index.ts:1617:30)[39m
[31m    at Module._extensions..js (node:internal/modules/cjs/loader:1213:10)[39m
[31m    at Object.require.extensions.<computed> [as .ts] (C:\Users\KUYE_HARRY\Desktop\COOK\EventBookingApi\node_modules\ts-node\src\index.ts:1621:12)[39m
[31m    at Module.load (node:internal/modules/cjs/loader:1037:32)[39m
[31m    at Function.Module._load (node:internal/modules/cjs/loader:878:12)[39m
[31m    at Module.require (node:internal/modules/cjs/loader:1061:19)[39m
2023-03-16 13:50:31 [31merror[39m: [31muncaughtException: тип Unable to compile TypeScript:[39m
[31m[96msource/service/cloudinary.ts[0m:[93m6[0m:[93m1[0m - [91merror[0m[90m TS2304: [0mCannot find name 'dotenv'.[39m

[31m[7m6[0m dotenv.config({ path: `.env.${process.env.NODE_ENV}` });[39m
[31m[7m [0m [91m~~~~~~[0m[39m

[31mTSError: тип Unable to compile TypeScript:[39m
[31m[96msource/service/cloudinary.ts[0m:[93m6[0m:[93m1[0m - [91merror[0m[90m TS2304: [0mCannot find name 'dotenv'.[39m

[31m[7m6[0m dotenv.config({ path: `.env.${process.env.NODE_ENV}` });[39m
[31m[7m [0m [91m~~~~~~[0m[39m

[31m    at createTSError (C:\Users\KUYE_HARRY\Desktop\COOK\EventBookingApi\node_modules\ts-node\src\index.ts:859:12)[39m
[31m    at reportTSError (C:\Users\KUYE_HARRY\Desktop\COOK\EventBookingApi\node_modules\ts-node\src\index.ts:863:19)[39m
[31m    at getOutput (C:\Users\KUYE_HARRY\Desktop\COOK\EventBookingApi\node_modules\ts-node\src\index.ts:1077:36)[39m
[31m    at Object.compile (C:\Users\KUYE_HARRY\Desktop\COOK\EventBookingApi\node_modules\ts-node\src\index.ts:1433:41)[39m
[31m    at Module.m._compile (C:\Users\KUYE_HARRY\Desktop\COOK\EventBookingApi\node_modules\ts-node\src\index.ts:1617:30)[39m
[31m    at Module._extensions..js (node:internal/modules/cjs/loader:1213:10)[39m
[31m    at Object.require.extensions.<computed> [as .ts] (C:\Users\KUYE_HARRY\Desktop\COOK\EventBookingApi\node_modules\ts-node\src\index.ts:1621:12)[39m
[31m    at Module.load (node:internal/modules/cjs/loader:1037:32)[39m
[31m    at Function.Module._load (node:internal/modules/cjs/loader:878:12)[39m
[31m    at Module.require (node:internal/modules/cjs/loader:1061:19)[39m
